app/build/outputs/logs/manifest-merger-debug-report.txt
-- Merging decision tree log ---
manifest
ADDED from src/main/AndroidManifest.xml:2:1-177:12
INJECTED from src/main/AndroidManifest.xml:2:1-177:12
INJECTED from src/main/AndroidManifest.xml:2:1-177:12
INJECTED from src/main/AndroidManifest.xml:2:1-177:12
MERGED from [com.android.volley:volley:1.1.0] AndroidManifest.xml:2:1-11:12
MERGED from [org.litepal.android:core:1.6.1] AndroidManifest.xml:2:1-16:12
INJECTED from src/main/AndroidManifest.xml:2:1-177:12
INJECTED from src/main/AndroidManifest.xml:2:1-177:12
INJECTED from src/main/AndroidManifest.xml:2:1-177:12
	package
		ADDED from src/main/AndroidManifest.xml:3:2-33
		INJECTED from src/main/AndroidManifest.xml
		INJECTED from src/main/AndroidManifest.xml
	android:versionName
		ADDED from src/main/AndroidManifest.xml:4:2-29
		INJECTED from src/main/AndroidManifest.xml
		INJECTED from src/main/AndroidManifest.xml
	xmlns:android
		ADDED from src/main/AndroidManifest.xml:2:11-69
	android:versionCode
		ADDED from src/main/AndroidManifest.xml:3:34-64
		INJECTED from src/main/AndroidManifest.xml
		INJECTED from src/main/AndroidManifest.xml
application
ADDED from src/main/AndroidManifest.xml:5:2-162:16
MERGED from [com.android.volley:volley:1.1.0] AndroidManifest.xml:9:5-20
MERGED from [com.android.volley:volley:1.1.0] AndroidManifest.xml:9:5-20
MERGED from [org.litepal.android:core:1.6.1] AndroidManifest.xml:11:5-14:19
MERGED from [org.litepal.android:core:1.6.1] AndroidManifest.xml:11:5-14:19
	android:label
		ADDED from src/main/AndroidManifest.xml:5:45-77
	android:allowBackup
		ADDED from [org.litepal.android:core:1.6.1] AndroidManifest.xml:12:9-35
	android:icon
		ADDED from src/main/AndroidManifest.xml:5:15-44
	android:name
		ADDED from src/main/AndroidManifest.xml:5:78-123
meta-data#com.amap.api.v2.apikey
ADDED from src/main/AndroidManifest.xml:6:3-8:65
	android:value
		ADDED from src/main/AndroidManifest.xml:8:4-52
	android:name
		ADDED from src/main/AndroidManifest.xml:7:4-41
activity#org.androidpn.demoapp.EntryActivity
ADDED from src/main/AndroidManifest.xml:9:3-14:14
	android:label
		ADDED from src/main/AndroidManifest.xml:9:43-75
	android:name
		ADDED from src/main/AndroidManifest.xml:9:13-42
intent-filter#android.intent.action.MAIN+android.intent.category.LAUNCHER
ADDED from src/main/AndroidManifest.xml:10:4-13:20
action#android.intent.action.MAIN
ADDED from src/main/AndroidManifest.xml:11:5-57
	android:name
		ADDED from src/main/AndroidManifest.xml:11:13-54
category#android.intent.category.LAUNCHER
ADDED from src/main/AndroidManifest.xml:12:5-65
	android:name
		ADDED from src/main/AndroidManifest.xml:12:15-62
activity#org.androidpn.demoapp.MainActivity
ADDED from src/main/AndroidManifest.xml:23:3-26:14
	android:name
		ADDED from src/main/AndroidManifest.xml:24:4-32
activity#org.androidpn.demoapp.FrameActivity
ADDED from src/main/AndroidManifest.xml:27:3-29:14
	android:name
		ADDED from src/main/AndroidManifest.xml:27:13-42
activity#org.androidpn.demoapp.SearchActivity
ADDED from src/main/AndroidManifest.xml:30:3-31:14
	android:name
		ADDED from src/main/AndroidManifest.xml:30:13-43
activity#org.androidpn.demoapp.TuanActivity
ADDED from src/main/AndroidManifest.xml:32:3-35:14
	android:label
		ADDED from src/main/AndroidManifest.xml:34:4-47
	android:name
		ADDED from src/main/AndroidManifest.xml:33:4-32
activity#org.androidpn.demoapp.CheckinActivity
ADDED from src/main/AndroidManifest.xml:36:3-39:14
	android:label
		ADDED from src/main/AndroidManifest.xml:38:4-50
	android:name
		ADDED from src/main/AndroidManifest.xml:37:4-35
activity#org.androidpn.demoapp.MyActivity
ADDED from src/main/AndroidManifest.xml:40:3-43:14
	android:label
		ADDED from src/main/AndroidManifest.xml:42:4-45
	android:name
		ADDED from src/main/AndroidManifest.xml:41:4-30
activity#org.androidpn.demoapp.MoreActivity
ADDED from src/main/AndroidManifest.xml:44:3-47:14
	android:label
		ADDED from src/main/AndroidManifest.xml:46:4-47
	android:name
		ADDED from src/main/AndroidManifest.xml:45:4-32
activity#org.androidpn.demoapp.ShopListActivity
ADDED from src/main/AndroidManifest.xml:48:3-49:14
	android:name
		ADDED from src/main/AndroidManifest.xml:48:13-45
activity#org.androidpn.demoapp.SearchMoreActivity
ADDED from src/main/AndroidManifest.xml:50:3-53:14
	android:label
		ADDED from src/main/AndroidManifest.xml:52:4-54
	android:name
		ADDED from src/main/AndroidManifest.xml:51:4-38
activity#org.androidpn.demoapp.ShopDetailsActivity
ADDED from src/main/AndroidManifest.xml:54:3-57:14
	android:label
		ADDED from src/main/AndroidManifest.xml:56:4-55
	android:name
		ADDED from src/main/AndroidManifest.xml:55:4-39
activity#org.androidpn.demoapp.SearchTheCity
ADDED from src/main/AndroidManifest.xml:58:3-61:14
	android:label
		ADDED from src/main/AndroidManifest.xml:60:4-57
	android:name
		ADDED from src/main/AndroidManifest.xml:59:4-33
activity#org.androidpn.demoapp.ShopDetailsMore
ADDED from src/main/AndroidManifest.xml:62:3-65:14
	android:label
		ADDED from src/main/AndroidManifest.xml:64:4-60
	android:name
		ADDED from src/main/AndroidManifest.xml:63:4-35
activity#org.androidpn.demoapp.ShopCommentsActivity
ADDED from src/main/AndroidManifest.xml:66:3-61
	android:name
		ADDED from src/main/AndroidManifest.xml:66:13-49
activity#org.androidpn.demoapp.RankingList
ADDED from src/main/AndroidManifest.xml:67:3-70:14
	android:label
		ADDED from src/main/AndroidManifest.xml:69:4-54
	android:name
		ADDED from src/main/AndroidManifest.xml:68:4-31
activity#org.androidpn.demoapp.RegistrationActivity
ADDED from src/main/AndroidManifest.xml:71:3-74:14
	android:label
		ADDED from src/main/AndroidManifest.xml:73:4-55
	android:name
		ADDED from src/main/AndroidManifest.xml:72:4-40
activity#org.androidpn.demoapp.LoginActivity
ADDED from src/main/AndroidManifest.xml:75:3-78:14
	android:label
		ADDED from src/main/AndroidManifest.xml:77:4-48
	android:name
		ADDED from src/main/AndroidManifest.xml:76:4-33
activity#org.androidpn.demoapp.ShopDetailsCheckinActivity
ADDED from src/main/AndroidManifest.xml:79:3-82:14
	android:label
		ADDED from src/main/AndroidManifest.xml:81:4-62
	android:name
		ADDED from src/main/AndroidManifest.xml:80:4-46
activity#org.androidpn.demoapp.ShopDetailsCommentActivity
ADDED from src/main/AndroidManifest.xml:83:3-86:14
	android:label
		ADDED from src/main/AndroidManifest.xml:85:4-63
	android:name
		ADDED from src/main/AndroidManifest.xml:84:4-46
activity#org.androidpn.demoapp.RankingList_more
ADDED from src/main/AndroidManifest.xml:87:3-90:14
	android:label
		ADDED from src/main/AndroidManifest.xml:89:4-59
	android:name
		ADDED from src/main/AndroidManifest.xml:88:4-36
activity#org.androidpn.demoapp.RankingList_bzrm
ADDED from src/main/AndroidManifest.xml:91:3-94:14
	android:label
		ADDED from src/main/AndroidManifest.xml:93:4-59
	android:name
		ADDED from src/main/AndroidManifest.xml:92:4-36
activity#org.androidpn.demoapp.TuanDetailsActivity
ADDED from src/main/AndroidManifest.xml:95:3-98:14
	android:label
		ADDED from src/main/AndroidManifest.xml:97:4-55
	android:name
		ADDED from src/main/AndroidManifest.xml:96:4-39
activity#org.androidpn.demoapp.TakeOutActivity
ADDED from src/main/AndroidManifest.xml:100:3-56
	android:name
		ADDED from src/main/AndroidManifest.xml:100:13-44
activity#org.androidpn.demoapp.TakeoutOrderDetailActivity
ADDED from src/main/AndroidManifest.xml:101:3-67
	android:name
		ADDED from src/main/AndroidManifest.xml:101:13-55
activity#org.androidpn.demoapp.OrderSuccessActivity
ADDED from src/main/AndroidManifest.xml:103:3-61
	android:name
		ADDED from src/main/AndroidManifest.xml:103:13-49
activity#org.androidpn.demoapp.TakeoutListActivity
ADDED from src/main/AndroidManifest.xml:105:3-60
	android:name
		ADDED from src/main/AndroidManifest.xml:105:13-48
activity#org.androidpn.demoapp.MyBussinessesActivity
ADDED from src/main/AndroidManifest.xml:107:3-62
	android:name
		ADDED from src/main/AndroidManifest.xml:107:13-50
activity#org.androidpn.demoapp.AddBussinessActivity
ADDED from src/main/AndroidManifest.xml:109:3-61
	android:name
		ADDED from src/main/AndroidManifest.xml:109:13-49
activity#org.androidpn.demoapp.EditTakeoutMenuActivity
ADDED from src/main/AndroidManifest.xml:111:3-64
	android:name
		ADDED from src/main/AndroidManifest.xml:111:13-52
activity#org.androidpn.demoapp.TakeoutOrderActivity
ADDED from src/main/AndroidManifest.xml:113:3-61
	android:name
		ADDED from src/main/AndroidManifest.xml:113:13-49
activity#org.androidpn.demoapp.OrderDetailActivity
ADDED from src/main/AndroidManifest.xml:115:3-60
	android:name
		ADDED from src/main/AndroidManifest.xml:115:13-48
activity#org.androidpn.demoapp.ShopCollectionActivity
ADDED from src/main/AndroidManifest.xml:117:3-63
	android:name
		ADDED from src/main/AndroidManifest.xml:117:13-51
activity#org.androidpn.demoapp.ShopNotificationActivity
ADDED from src/main/AndroidManifest.xml:119:3-65
	android:name
		ADDED from src/main/AndroidManifest.xml:119:13-53
activity#org.androidpn.demoapp.ManageBussinessActivity
ADDED from src/main/AndroidManifest.xml:121:3-64
	android:name
		ADDED from src/main/AndroidManifest.xml:121:13-52
activity#org.androidpn.demoapp.UploadImageActivity
ADDED from src/main/AndroidManifest.xml:123:3-60
	android:name
		ADDED from src/main/AndroidManifest.xml:123:13-48
activity#org.androidpn.demoapp.ShowMapActivity
ADDED from src/main/AndroidManifest.xml:125:3-56
	android:name
		ADDED from src/main/AndroidManifest.xml:125:13-44
activity#org.androidpn.demoapp.SearchViewActivity
ADDED from src/main/AndroidManifest.xml:127:3-90
	android:theme
		ADDED from src/main/AndroidManifest.xml:127:48-78
	android:name
		ADDED from src/main/AndroidManifest.xml:127:13-47
activity#org.androidpn.demoapp.PaymentActivity
ADDED from src/main/AndroidManifest.xml:129:3-56
	android:name
		ADDED from src/main/AndroidManifest.xml:129:13-44
activity#org.androidpn.demoapp.BussinessInfoActivity
ADDED from src/main/AndroidManifest.xml:132:3-62
	android:name
		ADDED from src/main/AndroidManifest.xml:132:13-50
activity#org.androidpn.demoapp.NavigationActivity
ADDED from src/main/AndroidManifest.xml:133:3-59
	android:name
		ADDED from src/main/AndroidManifest.xml:133:13-47
activity#org.androidpn.demoapp.PersonalActivity
ADDED from src/main/AndroidManifest.xml:134:3-57
	android:name
		ADDED from src/main/AndroidManifest.xml:134:13-45
activity#org.androidpn.demoapp.RegisterActivity
ADDED from src/main/AndroidManifest.xml:135:3-57
	android:name
		ADDED from src/main/AndroidManifest.xml:135:13-45
activity#org.androidpn.client.NotificationDetailsActivity
ADDED from src/main/AndroidManifest.xml:137:3-139:14
	android:label
		ADDED from src/main/AndroidManifest.xml:138:4-40
	android:name
		ADDED from src/main/AndroidManifest.xml:137:13-76
activity#org.androidpn.client.NotificationSettingsActivity
ADDED from src/main/AndroidManifest.xml:140:3-142:14
	android:label
		ADDED from src/main/AndroidManifest.xml:141:4-41
	android:name
		ADDED from src/main/AndroidManifest.xml:140:13-77
activity#com.amap.api.navi.AmapRouteActivity
ADDED from src/main/AndroidManifest.xml:143:3-144:57
	android:configChanges
		ADDED from src/main/AndroidManifest.xml:144:4-54
	android:name
		ADDED from src/main/AndroidManifest.xml:143:13-63
service#org.androidpn.client.NotificationService
ADDED from src/main/AndroidManifest.xml:148:3-154:13
	android:enabled
		ADDED from src/main/AndroidManifest.xml:148:12-34
	android:label
		ADDED from src/main/AndroidManifest.xml:150:4-39
	android:name
		ADDED from src/main/AndroidManifest.xml:149:4-59
intent-filter#org.androidpn.client.NotificationService
ADDED from src/main/AndroidManifest.xml:151:4-153:20
action#org.androidpn.client.NotificationService
ADDED from src/main/AndroidManifest.xml:152:5-71
	android:name
		ADDED from src/main/AndroidManifest.xml:152:13-68
service#com.amap.api.location.APSService
ADDED from src/main/AndroidManifest.xml:155:3-70
	android:name
		ADDED from src/main/AndroidManifest.xml:155:12-59
uses-sdk
ADDED from src/main/AndroidManifest.xml:163:2-40
INJECTED from src/main/AndroidManifest.xml:163:2-40
INJECTED from src/main/AndroidManifest.xml:163:2-40
MERGED from [com.android.volley:volley:1.1.0] AndroidManifest.xml:7:5-43
MERGED from [com.android.volley:volley:1.1.0] AndroidManifest.xml:7:5-43
MERGED from [org.litepal.android:core:1.6.1] AndroidManifest.xml:7:5-9:41
MERGED from [org.litepal.android:core:1.6.1] AndroidManifest.xml:7:5-9:41
INJECTED from src/main/AndroidManifest.xml:163:2-40
INJECTED from src/main/AndroidManifest.xml:163:2-40
	android:targetSdkVersion
		INJECTED from src/main/AndroidManifest.xml
		ADDED from src/main/AndroidManifest.xml:163:2-40
		INJECTED from src/main/AndroidManifest.xml
	android:minSdkVersion
		ADDED from src/main/AndroidManifest.xml:163:12-37
		INJECTED from src/main/AndroidManifest.xml
		INJECTED from src/main/AndroidManifest.xml
uses-permission#android.permission.WRITE_EXTERNAL_STORAGE
ADDED from src/main/AndroidManifest.xml:164:2-78
	android:name
		ADDED from src/main/AndroidManifest.xml:164:19-75
uses-permission#android.permission.ACCESS_NETWORK_STATE
ADDED from src/main/AndroidManifest.xml:165:2-76
	android:name
		ADDED from src/main/AndroidManifest.xml:165:19-73
uses-permission#android.permission.ACCESS_COARSE_LOCATION
ADDED from src/main/AndroidManifest.xml:166:2-78
	android:name
		ADDED from src/main/AndroidManifest.xml:166:19-75
uses-permission#android.permission.ACCESS_FINE_LOCATION
ADDED from src/main/AndroidManifest.xml:167:2-76
	android:name
		ADDED from src/main/AndroidManifest.xml:167:19-73
uses-permission#android.permission.INTERNET
ADDED from src/main/AndroidManifest.xml:168:2-64
	android:name
		ADDED from src/main/AndroidManifest.xml:168:19-61
uses-permission#android.permission.READ_PHONE_STATE
ADDED from src/main/AndroidManifest.xml:169:2-72
	android:name
		ADDED from src/main/AndroidManifest.xml:169:19-69
uses-permission#android.permission.ACCESS_WIFI_STATE
ADDED from src/main/AndroidManifest.xml:170:2-73
	android:name
		ADDED from src/main/AndroidManifest.xml:170:19-70
uses-permission#android.permission.CHANGE_WIFI_STATE
ADDED from src/main/AndroidManifest.xml:171:2-73
	android:name
		ADDED from src/main/AndroidManifest.xml:171:19-70
uses-permission#android.permission.VIBRATE
ADDED from src/main/AndroidManifest.xml:172:2-63
	android:name
		ADDED from src/main/AndroidManifest.xml:172:19-60
uses-permission#android.permission.WAKE_LOCK
ADDED from src/main/AndroidManifest.xml:173:2-65
	android:name
		ADDED from src/main/AndroidManifest.xml:173:19-62
uses-permission#android.permission.ACCESS_LOCATION_EXTRA_COMMANDS
ADDED from src/main/AndroidManifest.xml:174:2-86
	android:name
		ADDED from src/main/AndroidManifest.xml:174:19-83
uses-permission#android.permission.BLUETOOTH
ADDED from src/main/AndroidManifest.xml:175:2-65
	android:name
		ADDED from src/main/AndroidManifest.xml:175:19-62
uses-permission#android.permission.BLUETOOTH_ADMIN
ADDED from src/main/AndroidManifest.xml:176:2-71
	android:name
		ADDED from src/main/AndroidManifest.xml:176:19-68